[2021-09-22 15:55:46] Текст ошибки: Страница не найдена | 
        Файл: W:\domains\ishop2.loc\public\index.php | Строка: 12
================
[2021-09-22 15:56:05] Текст ошибки: Страница не найдена | 
        Файл: W:\domains\ishop2.loc\public\index.php | Строка: 12
================
[2021-09-22 15:57:00] Текст ошибки: Страница не найдена | 
        Файл: W:\domains\ishop2.loc\public\index.php | Строка: 12
================
[2021-09-22 15:57:31] Текст ошибки: Страница не найдена | 
        Файл: W:\domains\ishop2.loc\public\index.php | Строка: 12
================
[2021-09-22 15:57:41] Текст ошибки: Страница не найдена | 
        Файл: W:\domains\ishop2.loc\public\index.php | Строка: 12
================
[2021-09-22 15:57:52] Текст ошибки: Страница не найдена | 
        Файл: W:\domains\ishop2.loc\public\index.php | Строка: 12
================
[2021-09-22 15:58:27] Текст ошибки: Страница не найдена | 
        Файл: W:\domains\ishop2.loc\public\index.php | Строка: 12
================
[2021-09-22 16:34:40] Текст ошибки: Страница не найдена | 
        Файл: W:\domains\ishop2.loc\public\index.php | Строка: 12
================
[2021-09-22 16:34:40] Текст ошибки: Страница не найдена | 
        Файл: W:\domains\ishop2.loc\public\index.php | Строка: 12
================
[2021-09-22 16:34:41] Текст ошибки: Страница не найдена | 
        Файл: W:\domains\ishop2.loc\public\index.php | Строка: 12
================
[2021-09-22 16:44:33] Текст ошибки: Страница не найдена | 
        Файл: W:\domains\ishop2.loc\public\index.php | Строка: 12
================
[2021-09-22 16:45:04] Текст ошибки: Страница не найдена | 
        Файл: W:\domains\ishop2.loc\public\index.php | Строка: 12
================
[2021-09-22 16:45:07] Текст ошибки: Страница не найдена | 
        Файл: W:\domains\ishop2.loc\public\index.php | Строка: 12
================
[2021-09-22 16:45:11] Текст ошибки: Страница не найдена | 
        Файл: W:\domains\ishop2.loc\public\index.php | Строка: 12
================
[2021-09-22 16:45:31] Текст ошибки: Страница не найдена | 
        Файл: W:\domains\ishop2.loc\public\index.php | Строка: 12
================
[2021-09-22 16:46:16] Текст ошибки: Страница не найдена | 
        Файл: W:\domains\ishop2.loc\public\index.php | Строка: 12
================
[2021-09-22 16:46:18] Текст ошибки: Страница не найдена | 
        Файл: W:\domains\ishop2.loc\public\index.php | Строка: 12
================
[2021-09-22 16:48:52] Текст ошибки: Страница не найдена | 
        Файл: W:\domains\ishop2.loc\public\index.php | Строка: 12
================
[2021-09-22 16:49:06] Текст ошибки: Страница не найдена | 
        Файл: W:\domains\ishop2.loc\public\index.php | Строка: 12
================
[2021-09-22 16:49:18] Текст ошибки: Страница не найдена | 
        Файл: W:\domains\ishop2.loc\public\index.php | Строка: 12
================
[2021-09-22 16:52:23] Текст ошибки: Страница не найдена | 
        Файл: W:\domains\ishop2.loc\public\index.php | Строка: 12
================
[2021-09-22 16:52:59] Текст ошибки: Страница не найдена | 
        Файл: W:\domains\ishop2.loc\public\index.php | Строка: 12
================
[2021-09-22 16:53:00] Текст ошибки: Страница не найдена | 
        Файл: W:\domains\ishop2.loc\public\index.php | Строка: 12
================
[2021-09-22 16:53:17] Текст ошибки: Страница не найдена | 
        Файл: W:\domains\ishop2.loc\public\index.php | Строка: 12
================
[2021-09-22 16:54:26] Текст ошибки: Страница не найдена | 
        Файл: W:\domains\ishop2.loc\public\index.php | Строка: 12
================
[2021-09-22 16:56:55] Текст ошибки: Страница не найдена | 
        Файл: W:\domains\ishop2.loc\public\index.php | Строка: 12
================
[2021-09-22 16:56:57] Текст ошибки: Страница не найдена | 
        Файл: W:\domains\ishop2.loc\public\index.php | Строка: 12
================
[2021-09-22 16:57:05] Текст ошибки: Страница не найдена | 
        Файл: W:\domains\ishop2.loc\public\index.php | Строка: 12
================
[2021-09-22 16:57:16] Текст ошибки: Страница не найдена | 
        Файл: W:\domains\ishop2.loc\public\index.php | Строка: 12
================
[2021-09-22 16:57:26] Текст ошибки: Страница не найдена | 
        Файл: W:\domains\ishop2.loc\public\index.php | Строка: 12
================
[2021-09-23 11:54:16] Текст ошибки: Страница не найдена | 
        Файл: W:\domains\ishop2.loc\public\index.php | Строка: 13
================
[2021-09-23 11:54:20] Текст ошибки: Страница не найдена | 
        Файл: W:\domains\ishop2.loc\public\index.php | Строка: 13
================
[2021-09-23 11:54:23] Текст ошибки: Страница не найдена | 
        Файл: W:\domains\ishop2.loc\public\index.php | Строка: 13
================
[2021-09-23 11:55:08] Текст ошибки: Class 'Router' not found | 
        Файл: W:\domains\ishop2.loc\public\index.php | Строка: 15
================
[2021-09-23 11:55:43] Текст ошибки: Call to undefined method ishop\Router::getRouters() | 
        Файл: W:\domains\ishop2.loc\public\index.php | Строка: 15
================
[2021-09-23 12:06:53] Текст ошибки: Call to undefined method ishop\Router::natchRoute() | 
        Файл: W:\domains\ishop2.loc\vendor\ishop\core\Router.php | Строка: 26
================
[2021-09-23 12:07:06] Текст ошибки: Call to undefined method ishop\Router::natchRoute() | 
        Файл: W:\domains\ishop2.loc\vendor\ishop\core\Router.php | Строка: 26
================
[2021-09-23 12:59:39] Текст ошибки: Call to undefined function ishop\epmty() | 
        Файл: W:\domains\ishop2.loc\vendor\ishop\core\Router.php | Строка: 41
================
[2021-09-23 13:16:15] Текст ошибки: Class 'ishop\Exception' not found | 
        Файл: W:\domains\ishop2.loc\vendor\ishop\core\Router.php | Строка: 29
================
[2021-09-23 13:16:29] Текст ошибки: Class 'ishop\Exception' not found | 
        Файл: W:\domains\ishop2.loc\vendor\ishop\core\Router.php | Строка: 29
================
[2021-09-23 13:16:44] Текст ошибки: Class 'ishop\Exception' not found | 
        Файл: W:\domains\ishop2.loc\vendor\ishop\core\Router.php | Строка: 29
================
[2021-09-23 13:17:21] Текст ошибки: Страница не найдена | 
        Файл: W:\domains\ishop2.loc\vendor\ishop\core\Router.php | Строка: 29
================
[2021-09-23 13:20:18] Текст ошибки: Страница не найдена | 
        Файл: W:\domains\ishop2.loc\public\index.php | Строка: 13
================
[2021-09-23 13:20:22] Текст ошибки: Страница не найдена | 
        Файл: W:\domains\ishop2.loc\public\index.php | Строка: 13
================
[2021-09-23 13:20:26] Текст ошибки: Страница не найдена | 
        Файл: W:\domains\ishop2.loc\public\index.php | Строка: 13
================
[2021-09-23 13:22:36] Текст ошибки: Страница не найдена | 
        Файл: W:\domains\ishop2.loc\vendor\ishop\core\Router.php | Строка: 29
================
[2021-09-23 13:25:27] Текст ошибки: Страница не найдена | 
        Файл: W:\domains\ishop2.loc\vendor\ishop\core\Router.php | Строка: 29
================
[2021-09-23 13:25:28] Текст ошибки: Страница не найдена | 
        Файл: W:\domains\ishop2.loc\vendor\ishop\core\Router.php | Строка: 29
================
[2021-09-23 13:26:13] Текст ошибки: Страница не найдена | 
        Файл: W:\domains\ishop2.loc\vendor\ishop\core\Router.php | Строка: 29
================
[2021-09-23 13:28:54] Текст ошибки: Страница не найдена | 
        Файл: W:\domains\ishop2.loc\vendor\ishop\core\Router.php | Строка: 29
================
[2021-09-23 13:28:55] Текст ошибки: Страница не найдена | 
        Файл: W:\domains\ishop2.loc\vendor\ishop\core\Router.php | Строка: 29
================
[2021-09-23 13:29:44] Текст ошибки: Страница не найдена | 
        Файл: W:\domains\ishop2.loc\vendor\ishop\core\Router.php | Строка: 29
================
[2021-09-23 13:30:01] Текст ошибки: Страница не найдена | 
        Файл: W:\domains\ishop2.loc\vendor\ishop\core\Router.php | Строка: 29
================
[2021-09-23 14:17:09] Текст ошибки: Контроллер $controller не найден | 
        Файл: W:\domains\ishop2.loc\vendor\ishop\core\Router.php | Строка: 32
================
[2021-09-23 14:17:20] Текст ошибки: Контроллер $controller не найден | 
        Файл: W:\domains\ishop2.loc\vendor\ishop\core\Router.php | Строка: 32
================
[2021-09-23 14:18:13] Текст ошибки: Контроллер $controller не найден | 
        Файл: W:\domains\ishop2.loc\vendor\ishop\core\Router.php | Строка: 32
================
[2021-09-23 14:23:27] Текст ошибки: Контроллер $controller не найден | 
        Файл: W:\domains\ishop2.loc\vendor\ishop\core\Router.php | Строка: 32
================
[2021-09-23 14:23:38] Текст ошибки: Контроллер $controller не найден | 
        Файл: W:\domains\ishop2.loc\vendor\ishop\core\Router.php | Строка: 32
================
[2021-09-23 14:23:58] Текст ошибки: Контроллер $controller не найден | 
        Файл: W:\domains\ishop2.loc\vendor\ishop\core\Router.php | Строка: 32
================
[2021-09-23 14:28:04] Текст ошибки: Контроллер $controller не найден | 
        Файл: W:\domains\ishop2.loc\vendor\ishop\core\Router.php | Строка: 33
================
[2021-09-23 14:38:09] Текст ошибки: Контроллер $controller не найден | 
        Файл: W:\domains\ishop2.loc\vendor\ishop\core\Router.php | Строка: 37
================
[2021-09-23 14:38:23] Текст ошибки: Контроллер $controller не найден | 
        Файл: W:\domains\ishop2.loc\vendor\ishop\core\Router.php | Строка: 37
================
[2021-09-23 14:39:17] Текст ошибки: Контроллер app\controllers\PageController не найден | 
        Файл: W:\domains\ishop2.loc\vendor\ishop\core\Router.php | Строка: 37
================
[2021-09-23 14:39:24] Текст ошибки: Контроллер app\controllers\MainController не найден | 
        Файл: W:\domains\ishop2.loc\vendor\ishop\core\Router.php | Строка: 37
================
[2021-09-23 14:44:11] Текст ошибки: Метод app\controllers\MainController::indexAction не найден | 
        Файл: W:\domains\ishop2.loc\vendor\ishop\core\Router.php | Строка: 34
================
[2021-09-23 14:45:54] Текст ошибки: Контроллер app\controllers\PageController не найден | 
        Файл: W:\domains\ishop2.loc\vendor\ishop\core\Router.php | Строка: 37
================
[2021-09-23 14:46:19] Текст ошибки: Метод app\controllers\PageController::viewAction не найден | 
        Файл: W:\domains\ishop2.loc\vendor\ishop\core\Router.php | Строка: 34
================
[2021-09-23 14:46:58] Текст ошибки: Метод app\controllers\PageController::viewAction не найден | 
        Файл: W:\domains\ishop2.loc\vendor\ishop\core\Router.php | Строка: 34
================
[2021-09-23 14:50:25] Текст ошибки: Метод app\controllers\PageController::indexAction не найден | 
        Файл: W:\domains\ishop2.loc\vendor\ishop\core\Router.php | Строка: 34
================
[2021-09-24 19:31:58] Текст ошибки: Страница не найдена | 
        Файл: W:\domains\ishop2.loc\vendor\ishop\core\Router.php | Строка: 40
================
[2021-09-25 15:55:35] Текст ошибки: Страница не найдена | 
        Файл: W:\domains\ishop2.loc\vendor\ishop\core\Router.php | Строка: 41
================
[2021-09-25 16:47:14] Текст ошибки: Не найден шаблон default | 
        Файл: W:\domains\ishop2.loc\vendor\ishop\core\base\View.php | Строка: 47
================
[2021-09-27 16:16:39] Текст ошибки: Страница не найдена | 
        Файл: W:\domains\ishop2.loc\vendor\ishop\core\Router.php | Строка: 41
================
[2021-09-27 16:16:45] Текст ошибки: Страница не найдена | 
        Файл: W:\domains\ishop2.loc\vendor\ishop\core\Router.php | Строка: 41
================
[2021-09-27 18:38:46] Текст ошибки: Страница не найдена | 
        Файл: W:\domains\ishop2.loc\vendor\ishop\core\Router.php | Строка: 42
================
[2021-09-27 18:38:46] Текст ошибки: Страница не найдена | 
        Файл: W:\domains\ishop2.loc\vendor\ishop\core\Router.php | Строка: 42
================
[2021-09-27 18:42:10] Текст ошибки: Страница не найдена | 
        Файл: W:\domains\ishop2.loc\vendor\ishop\core\Router.php | Строка: 46
================
[2021-09-27 19:03:40] Текст ошибки: Не найден вид W:\domains\ishop2.loc/app/views/Page/view.php | 
        Файл: W:\domains\ishop2.loc\vendor\ishop\core\base\View.php | Строка: 42
================
[2021-09-27 19:07:33] Текст ошибки: Не найден вид W:\domains\ishop2.loc/app/views/Page/view.php | 
        Файл: W:\domains\ishop2.loc\vendor\ishop\core\base\View.php | Строка: 42
================
[2021-09-27 20:12:10] Текст ошибки: Не найден вид W:\domains\ishop2.loc/app/views/Page/view.php | 
        Файл: W:\domains\ishop2.loc\vendor\ishop\core\base\View.php | Строка: 42
================
[2021-09-28 19:00:26] Текст ошибки: Страница не найдена | 
        Файл: W:\domains\ishop2.loc\vendor\ishop\core\Router.php | Строка: 42
================
[2021-09-28 19:17:22] Текст ошибки: Нет соединения с БД | 
        Файл: W:\domains\ishop2.loc\vendor\ishop\core\Db.php | Строка: 17
================
[2021-09-29 19:57:20] Текст ошибки: Страница не найдена | 
        Файл: W:\domains\ishop2.loc\vendor\ishop\core\Router.php | Строка: 42
================
[2021-09-30 16:57:20] Текст ошибки: Страница не найдена | 
        Файл: W:\domains\ishop2.loc\vendor\ishop\core\Router.php | Строка: 42
================
[2021-09-30 17:46:57] Текст ошибки: Страница не найдена | 
        Файл: W:\domains\ishop2.loc\public\index.php | Строка: 13
================
[2021-10-01 00:22:45] Текст ошибки: Нет соединения с БД | 
        Файл: /home/alex/disk/программир/OSPanel/domains/ishop2.loc/vendor/ishop/core/Db.php | Строка: 18
================
[2021-10-01 00:23:56] Текст ошибки: Нет соединения с БД | 
        Файл: /home/alex/disk/программир/OSPanel/domains/ishop2.loc/vendor/ishop/core/Db.php | Строка: 18
================
[2021-10-01 00:25:14] Текст ошибки: Нет соединения с БД | 
        Файл: /home/alex/disk/программир/OSPanel/domains/ishop2.loc/vendor/ishop/core/Db.php | Строка: 18
================
[2021-10-01 00:27:34] Текст ошибки: Call to a member function getDatabase() on null | 
        Файл: /home/alex/disk/программир/OSPanel/domains/ishop2.loc/app/views/layouts/default.php | Строка: 18
================
[2021-10-01 00:40:09] Текст ошибки: Нет соединения с БД | 
        Файл: /home/alex/disk/программир/OSPanel/domains/ishop2.loc/vendor/ishop/core/Db.php | Строка: 18
================
